#
# A fatal error has been detected by the Java Runtime Environment:
#
#  EXCEPTION_ACCESS_VIOLATION (0xc0000005) at pc=0x00007ff99bce26c4, pid=17380, tid=7368
#
# JRE version: Java(TM) SE Runtime Environment (24.0.1+9) (build 24.0.1+9-30)
# Java VM: Java HotSpot(TM) 64-Bit Server VM (24.0.1+9-30, mixed mode, sharing, tiered, compressed oops, compressed class ptrs, g1 gc, windows-amd64)
# Problematic frame:
# C  [libasyncProfiler.dll+0x926c4]
#
# No core dump will be written. Minidumps are not enabled by default on client versions of Windows
#
# JFR recording file will be written. Location: C:\Users\diogo\Documents\GitHub\PPProject\hs_err_pid17380.jfr
#
# If you would like to submit a bug report, please visit:
#   https://bugreport.java.com/bugreport/crash.jsp
# The crash happened outside the Java Virtual Machine in native code.
# See problematic frame for where to report the bug.
#

---------------  S U M M A R Y ------------

Command Line: -javaagent:C:\Program Files\JetBrains\IntelliJ IDEA 2025.1\lib\idea_rt.jar=57431 -Dfile.encoding=UTF-8 -Dsun.stdout.encoding=UTF-8 -Dsun.stderr.encoding=UTF-8 main.Main

Host: AMD Ryzen 7 5700X 8-Core Processor             , 16 cores, 31G,  Windows 11 , 64 bit Build 26100 (10.0.26100.3912)
Time: Tue May 27 14:35:54 2025 Hora de Verão de GMT elapsed time: 6.667918 seconds (0d 0h 0m 6s)

---------------  T H R E A D  ---------------

Current thread (0x00000260f8dde810):  JavaThread "Attach Listener" daemon [_thread_in_native, id=7368, stack(0x000000bff3100000,0x000000bff3200000) (1024K)]

Stack: [0x000000bff3100000,0x000000bff3200000],  sp=0x000000bff31feef0,  free space=1019k
Native frames: (J=compiled Java code, j=interpreted, Vv=VM code, C=native code)
C  [libasyncProfiler.dll+0x926c4]  (no source info available)
C  [libasyncProfiler.dll+0x92b9b]  (no source info available)
C  [libasyncProfiler.dll+0x917f4]  (no source info available)
C  [libasyncProfiler.dll+0x9206a]  (no source info available)
C  [libasyncProfiler.dll+0x8cc21]  (no source info available)
C  [libasyncProfiler.dll+0x7e5e1]  (no source info available)
C  [libasyncProfiler.dll+0x7d2f8]  (no source info available)
C  [libasyncProfiler.dll+0x7d1e0]  (no source info available)
C  [libasyncProfiler.dll+0x841b9]  (no source info available)
V  [jvm.dll+0x57eff7]  (no source info available)
V  [jvm.dll+0x57fdac]  (no source info available)
V  [jvm.dll+0x14ca17]  (no source info available)
V  [jvm.dll+0x14dfe1]  (no source info available)
V  [jvm.dll+0x42f456]  (no source info available)
V  [jvm.dll+0x87d76b]  (no source info available)
V  [jvm.dll+0x72ee55]  (no source info available)
C  [ucrtbase.dll+0x37b0]  (no source info available)
C  [KERNEL32.DLL+0x2e8d7]  (no source info available)
C  [ntdll.dll+0x9c5dc]  (no source info available)


siginfo: EXCEPTION_ACCESS_VIOLATION (0xc0000005), reading address 0xffffffffffffffff


Registers:
RAX=0x0000000000000010, RBX=0x0000000000000000, RCX=0xffffffffffffffff, RDX=0x007ff93e20301010
RSP=0x000000bff31feef0, RBP=0x00000260c1a1b418, RSI=0x000000bff31ff060, RDI=0x00000260c1a1b418
R8 =0x0000000000000042, R9 =0x0000000620c01ed8, R10=0x00007ff93e479fb0, R11=0x0000000000000002
R12=0x000000bff31ff060, R13=0x00000260c1d22d60, R14=0x00000260f8ddebd8, R15=0x00000260f8ddebd8
RIP=0x00007ff99bce26c4, EFLAGS=0x0000000000010202

XMM[0]=0x0000000000000000 0x0000000000000000
XMM[1]=0x0000000000000000 0x0000000000000000
XMM[2]=0x0000000000000000 0x0000000000000000
XMM[3]=0x0000000000000000 0x0000000000000000
XMM[4]=0x0000000000000000 0x0000000000000000
XMM[5]=0x0000000000000000 0x0000000000000000
XMM[6]=0x0000000000000000 0x0000000000000000
XMM[7]=0x0000000000000000 0x0000000000000000
XMM[8]=0x0000000000000000 0x0000000000000000
XMM[9]=0x0000000000000000 0x0000000000000000
XMM[10]=0x0000000000000000 0x0000000000000000
XMM[11]=0x0000000000000000 0x0000000000000000
XMM[12]=0x0000000000000000 0x0000000000000000
XMM[13]=0x0000000000000000 0x0000000000000000
XMM[14]=0x0000000000000000 0x0000000000000000
XMM[15]=0x0000000000000000 0x0000000000000000
  MXCSR=0x00001fa0


Register to memory mapping:

RAX=0x0000000000000010 is an unknown value
RBX=0x0 is null
RCX=0xffffffffffffffff is an unknown value
RDX=0x007ff93e20301010 is an unknown value
RSP=0x000000bff31feef0 is pointing into the stack for thread: 0x00000260f8dde810
RBP=0x00000260c1a1b418 points into unknown readable memory: 0x0000000620c01ed8 | d8 1e c0 20 06 00 00 00
RSI=0x000000bff31ff060 is pointing into the stack for thread: 0x00000260f8dde810
RDI=0x00000260c1a1b418 points into unknown readable memory: 0x0000000620c01ed8 | d8 1e c0 20 06 00 00 00
R8 =0x0000000000000042 is an unknown value
R9 =0x0000000620c01ed8 is an oop: java.lang.Thread 
{0x0000000620c01ed8} - klass: 'java/lang/Thread' - flags: 

 - ---- fields (total size 14 words):
 - 'threadLocalRandomProbe' 'I' @12  0 (0x00000000)
 - private volatile 'eetop' 'J' @16  2614901964144 (0x00000260d44d7d70)
 - private final 'tid' 'J' @24  3 (0x0000000000000003)
 - 'threadLocalRandomSeed' 'J' @32  0 (0x0000000000000000)
 - injected 'jvmti_thread_state' 'J' @40  2614590344592 (0x00000260c1ba8d90)
 - 'threadLocalRandomSecondarySeed' 'I' @48  0 (0x00000000)
 - injected 'jvmti_VTMS_transition_disable_count' 'I' @52  0 (0x00000000)
 - injected 'jfr_epoch' 'S' @56  0 (0x0000)
 - volatile 'interrupted' 'Z' @58  false (0x00)
 - injected 'jvmti_is_in_VTMS_transition' 'Z' @59  false (0x00)
 - private volatile 'name' 'Ljava/lang/String;' @60  "main"{0x0000000620c01f48} (0xc41803e9)
 - private volatile 'contextClassLoader' 'Ljava/lang/ClassLoader;' @64  a 'jdk/internal/loader/ClassLoaders$AppClassLoader'{0x0000000620c171a8} (0xc4182e35)
 - private final 'holder' 'Ljava/lang/Thread$FieldHolder;' @68  a 'java/lang/Thread$FieldHolder'{0x0000000620c01f88} (0xc41803f1)
 - 'threadLocals' 'Ljava/lang/ThreadLocal$ThreadLocalMap;' @72  a 'java/lang/ThreadLocal$ThreadLocalMap'{0x0000000620815cc0} (0xc4102b98)
 - 'inheritableThreadLocals' 'Ljava/lang/ThreadLocal$ThreadLocalMap;' @76  null (0x00000000)
 - private 'scopedValueBindings' 'Ljava/lang/Object;' @80  a 'java/lang/Class'{0x00000007ffc7c890} = 'java/lang/Thread' (0xfff8f912)
 - final 'interruptLock' 'Ljava/lang/Object;' @84  a 'java/lang/Object'{0x0000000620c01f78} (0xc41803ef)
 - private volatile 'parkBlocker' 'Ljava/lang/Object;' @88  null (0x00000000)
 - private 'nioBlocker' 'Lsun/nio/ch/Interruptible;' @92  null (0x00000000)
 - private 'cont' 'Ljdk/internal/vm/Continuation;' @96  null (0x00000000)
 - private volatile 'uncaughtExceptionHandler' 'Ljava/lang/Thread$UncaughtExceptionHandler;' @100  null (0x00000000)
 - private 'container' 'Ljdk/internal/vm/ThreadContainer;' @104  null (0x00000000)
 - private volatile 'headStackableScopes' 'Ljdk/internal/vm/StackableScope;' @108  null (0x00000000)
R10=0x00007ff93e479fb0 jvm.dll
R11=0x0000000000000002 is an unknown value
R12=0x000000bff31ff060 is pointing into the stack for thread: 0x00000260f8dde810
R13=0x00000260c1d22d60 points into unknown readable memory: 0x00007ff93e3ea510 | 10 a5 3e 3e f9 7f 00 00
R14=0x00000260f8ddebd8 points into unknown readable memory: 0x00007ff93e3e17b0 | b0 17 3e 3e f9 7f 00 00
R15=0x00000260f8ddebd8 points into unknown readable memory: 0x00007ff93e3e17b0 | b0 17 3e 3e f9 7f 00 00

Top of Stack: (sp=0x000000bff31feef0)
0x000000bff31feef0:   000000bff31ff060 00000260c1a1b418   `...........`...
0x000000bff31fef00:   0000000000000000 00000260f8ddef60   ........`...`...
0x000000bff31fef10:   0000000000000023 00007ff99bce2b9b   #........+......
0x000000bff31fef20:   0000000000000000 00000260f8ddebd8   ............`...
0x000000bff31fef30:   000000bff31ff001 0000000000000000   ................
0x000000bff31fef40:   00000260c67f52b0 00007ff99bce17f4   .R..`...........
0x000000bff31fef50:   0000000000000000 0000000000000023   ........#.......
0x000000bff31fef60:   0000000000000000 0000000000000023   ........#.......
0x000000bff31fef70:   0000000e00000002 00000260c689f8e0   ............`...
0x000000bff31fef80:   00000260c67f52b0 00000260c67f533c   .R..`...<S..`...
0x000000bff31fef90:   00000260c67f5358 0000000000004104   XS..`....A......
0x000000bff31fefa0:   0000000000000000 0000000000000000   ................
0x000000bff31fefb0:   0000000000000000 00007ff93dc457d4   .........W.=....
0x000000bff31fefc0:   00007ff99be24ca0 00000000000043e4   .L.......C......
0x000000bff31fefd0:   00007ff99be24ca0 00000000ffffffff   .L..............
0x000000bff31fefe0:   0000000000000000 00007ff99bce206a   ........j ......
0x000000bff31feff0:   00000260f8ddebd8 0000000000000000   ....`...........
0x000000bff31ff000:   000000bff31ff069 00000260c1d22d60   i.......`-..`...
0x000000bff31ff010:   0000000000000004 0000000000000048   ........H.......
0x000000bff31ff020:   0000000800800310 0000000000000020   ........ .......
0x000000bff31ff030:   00000260f8ddebd8 00007ff99be24ca0   ....`....L......
0x000000bff31ff040:   00000260f8de2590 00000260c1ba8d90   .%..`.......`...
0x000000bff31ff050:   0000000800800390 00000260f8ddebd8   ............`...
0x000000bff31ff060:   00000260c8567780 00000260c8567be0   .wV.`....{V.`...
0x000000bff31ff070:   00000260c8567be0 00007ff99be24ca0   .{V.`....L......
0x000000bff31ff080:   00000260c11a93a8 000000bff31ff1f8   ....`...........
0x000000bff31ff090:   000000bff31ff330 0000000000008840   0.......@.......
0x000000bff31ff0a0:   000000bff31ff510 00007ff99be24cf0   .........L......
0x000000bff31ff0b0:   0000000000989680 0000000000989680   ................
0x000000bff31ff0c0:   000000bff31ff1d0 00007ff99bcdcc21   ........!.......
0x000000bff31ff0d0:   00007ff99be24ca0 00007ff99be24cf8   .L.......L......
0x000000bff31ff0e0:   00007ff900000000 00007ff900000001   ................

Instructions: (pc=0x00007ff99bce26c4)
  0x00007ff99bce25c4:   cc cc cc cc cc cc cc cc cc cc cc cc cc cc cc cc
  0x00007ff99bce25d4:   cc cc cc cc cc cc cc cc cc cc cc cc cc cc cc cc
  0x00007ff99bce25e4:   cc cc cc cc cc cc cc cc cc cc cc cc cc cc cc cc
  0x00007ff99bce25f4:   cc cc cc cc cc cc cc cc cc cc cc cc cc cc cc cc
  0x00007ff99bce2604:   cc cc cc cc cc cc cc cc cc cc cc cc cc cc cc cc
  0x00007ff99bce2614:   cc cc cc cc cc cc cc cc cc cc cc cc cc cc cc cc
  0x00007ff99bce2624:   cc cc cc cc cc cc cc cc cc cc cc cc cc cc cc cc
  0x00007ff99bce2634:   cc cc cc cc cc cc cc cc cc cc cc cc cc cc cc cc
  0x00007ff99bce2644:   cc cc cc cc cc cc cc cc cc cc cc cc 40 57 48 83
  0x00007ff99bce2654:   ec 20 48 8b f9 48 8b 0d 10 28 14 00 48 85 c9 74
  0x00007ff99bce2664:   20 48 8b 01 48 8d 54 24 38 41 b8 06 00 01 00 4c
  0x00007ff99bce2674:   8b 48 30 41 ff d1 85 c0 75 07 48 8b 4c 24 38 eb
  0x00007ff99bce2684:   02 33 c9 4c 8b 05 ea 28 14 00 48 89 5c 24 30 4d
  0x00007ff99bce2694:   85 c0 74 4a 48 8b 01 48 8b d7 4c 8b 88 28 03 00
  0x00007ff99bce26a4:   00 41 ff d1 48 85 c0 74 35 48 63 0d f8 e6 13 00
  0x00007ff99bce26b4:   48 8b 14 01 48 85 d2 74 15 48 63 05 fc e6 13 00
=>0x00007ff99bce26c4:   8b 04 10 48 8b 5c 24 30 48 83 c4 20 5f c3 b8 ff
  0x00007ff99bce26d4:   ff ff ff 48 8b 5c 24 30 48 83 c4 20 5f c3 80 3d
  0x00007ff99bce26e4:   9b 27 14 00 00 bb ff ff ff ff 74 20 4c 8b 0d 31
  0x00007ff99bce26f4:   24 14 00 4c 8d 44 24 38 48 8b 0d 15 24 14 00 48
  0x00007ff99bce2704:   8b d7 41 ff d1 85 c0 0f 44 5c 24 38 8b c3 48 8b
  0x00007ff99bce2714:   5c 24 30 48 83 c4 20 5f c3 cc cc cc cc cc cc cc
  0x00007ff99bce2724:   cc cc cc cc cc cc cc cc cc cc cc cc cc cc cc cc
  0x00007ff99bce2734:   cc cc cc cc cc cc cc cc cc cc cc cc cc cc cc cc
  0x00007ff99bce2744:   cc cc cc cc cc cc cc cc cc cc cc cc 48 89 54 24
  0x00007ff99bce2754:   10 53 55 56 57 41 56 41 57 48 83 ec 28 48 8b f2
  0x00007ff99bce2764:   4c 8b f1 48 89 4c 24 78 45 33 ff 44 89 7c 24 68
  0x00007ff99bce2774:   c7 44 24 60 01 00 00 00 48 8d 4c 24 68 e8 ed 42
  0x00007ff99bce2784:   f7 ff 8b d8 48 8d 4c 24 60 e8 e1 42 f7 ff 8b e8
  0x00007ff99bce2794:   49 8b ce e8 00 fc f6 ff 48 8b f8 90 8b c3 f0 0f
  0x00007ff99bce27a4:   b1 2f 74 04 f3 90 eb f4 4c 89 3e 4c 89 7e 08 4c
  0x00007ff99bce27b4:   89 7e 10 49 8b 6e 08 4d 8b 76 10 49 3b ee 0f 84


Stack slot to memory mapping:

stack at sp + 0 slots: 0x000000bff31ff060 is pointing into the stack for thread: 0x00000260f8dde810
stack at sp + 1 slots: 0x00000260c1a1b418 points into unknown readable memory: 0x0000000620c01ed8 | d8 1e c0 20 06 00 00 00
stack at sp + 2 slots: 0x0 is null
stack at sp + 3 slots: 0x00000260f8ddef60 points into unknown readable memory: 0x6e616c2e6176616a | 6a 61 76 61 2e 6c 61 6e
stack at sp + 4 slots: 0x0000000000000023 is an unknown value
stack at sp + 5 slots: 0x00007ff99bce2b9b libasyncProfiler.dll
stack at sp + 6 slots: 0x0 is null
stack at sp + 7 slots: 0x00000260f8ddebd8 points into unknown readable memory: 0x00007ff93e3e17b0 | b0 17 3e 3e f9 7f 00 00

Lock stack of current Java thread (top to bottom):


---------------  P R O C E S S  ---------------

Threads class SMR info:
_java_thread_list=0x00000260c1acc9e0, length=24, elements={
0x00000260d44d7d70, 0x00000260f8dda510, 0x00000260f8ddae50, 0x00000260f8dddce0,
0x00000260f8dde810, 0x00000260f8de2740, 0x00000260f8de6860, 0x00000260f8df3830,
0x00000260f8df44e0, 0x00000260c12b5420, 0x00000260c131fce0, 0x00000260c1320420,
0x00000260c1b10380, 0x00000260c1ad1320, 0x00000260c1abbeb0, 0x00000260c1ac25a0,
0x00000260f8e3b870, 0x00000260c1714260, 0x00000260c650e840, 0x00000260c650f7e0,
0x00000260c13fd900, 0x00000260c1380e90, 0x00000260c1385a40, 0x00000260c1976a70
}

Java Threads: ( => current thread )
  0x00000260d44d7d70 JavaThread "main"                              [_thread_in_native, id=20940, stack(0x000000bff2600000,0x000000bff2700000) (1024K)]
  0x00000260f8dda510 JavaThread "Reference Handler"          daemon [_thread_blocked, id=20048, stack(0x000000bff2e00000,0x000000bff2f00000) (1024K)]
  0x00000260f8ddae50 JavaThread "Finalizer"                  daemon [_thread_blocked, id=21432, stack(0x000000bff2f00000,0x000000bff3000000) (1024K)]
  0x00000260f8dddce0 JavaThread "Signal Dispatcher"          daemon [_thread_blocked, id=20288, stack(0x000000bff3000000,0x000000bff3100000) (1024K)]
=>0x00000260f8dde810 JavaThread "Attach Listener"            daemon [_thread_in_native, id=7368, stack(0x000000bff3100000,0x000000bff3200000) (1024K)]
  0x00000260f8de2740 JavaThread "Service Thread"             daemon [_thread_blocked, id=8188, stack(0x000000bff3200000,0x000000bff3300000) (1024K)]
  0x00000260f8de6860 JavaThread "Monitor Deflation Thread"   daemon [_thread_blocked, id=7048, stack(0x000000bff3300000,0x000000bff3400000) (1024K)]
  0x00000260f8df3830 JavaThread "C2 CompilerThread0"         daemon [_thread_blocked, id=3368, stack(0x000000bff3400000,0x000000bff3500000) (1024K)]
  0x00000260f8df44e0 JavaThread "C1 CompilerThread0"         daemon [_thread_blocked, id=21600, stack(0x000000bff3500000,0x000000bff3600000) (1024K)]
  0x00000260c12b5420 JavaThread "Common-Cleaner"             daemon [_thread_blocked, id=22288, stack(0x000000bff3900000,0x000000bff3a00000) (1024K)]
  0x00000260c131fce0 JavaThread "Monitor Ctrl-Break"         daemon [_thread_in_native, id=20820, stack(0x000000bff3a00000,0x000000bff3b00000) (1024K)]
  0x00000260c1320420 JavaThread "Notification Thread"        daemon [_thread_blocked, id=16136, stack(0x000000bff3b00000,0x000000bff3c00000) (1024K)]
  0x00000260c1b10380 JavaThread "RMI TCP Accept-0"           daemon [_thread_in_native, id=988, stack(0x000000bff4000000,0x000000bff4100000) (1024K)]
  0x00000260c1ad1320 JavaThread "RMI TCP Connection(1)-192.168.1.90" daemon [_thread_in_native, id=22208, stack(0x000000bff4100000,0x000000bff4200000) (1024K)]
  0x00000260c1abbeb0 JavaThread "RMI Scheduler(0)"           daemon [_thread_blocked, id=2204, stack(0x000000bff4200000,0x000000bff4300000) (1024K)]
  0x00000260c1ac25a0 JavaThread "JMX server connection timeout 40" daemon [_thread_blocked, id=21340, stack(0x000000bff4300000,0x000000bff4400000) (1024K)]
  0x00000260f8e3b870 JavaThread "C2 CompilerThread1"         daemon [_thread_blocked, id=18764, stack(0x000000bff3600000,0x000000bff3700000) (1024K)]
  0x00000260c1714260 JavaThread "C2 CompilerThread2"         daemon [_thread_blocked, id=10096, stack(0x000000bff3700000,0x000000bff3800000) (1024K)]
  0x00000260c650e840 JavaThread "C1 CompilerThread1"         daemon [_thread_blocked, id=22236, stack(0x000000bff3800000,0x000000bff3900000) (1024K)]
  0x00000260c650f7e0 JavaThread "C1 CompilerThread2"         daemon [_thread_blocked, id=10540, stack(0x000000bff3c00000,0x000000bff3d00000) (1024K)]
  0x00000260c13fd900 JavaThread "JFR Recorder Thread"        daemon [_thread_in_native, id=22516, stack(0x000000bff3d00000,0x000000bff3e00000) (1024K)]
  0x00000260c1380e90 JavaThread "C2 CompilerThread3"         daemon [_thread_blocked, id=12368, stack(0x000000bff3e00000,0x000000bff3f00000) (1024K)]
  0x00000260c1385a40 JavaThread "C2 CompilerThread4"         daemon [_thread_blocked, id=20180, stack(0x000000bff3f00000,0x000000bff4000000) (1024K)]
  0x00000260c1976a70 JavaThread "JFR Periodic Tasks"         daemon [_thread_blocked, id=16644, stack(0x000000bff4400000,0x000000bff4500000) (1024K)]
Total: 24

Other Threads:
  0x00000260f8dca720 VMThread "VM Thread"                           [id=17088, stack(0x000000bff2d00000,0x000000bff2e00000) (1024K)]
  0x00000260f8d160c0 WatcherThread "VM Periodic Task Thread"        [id=21908, stack(0x000000bff2c00000,0x000000bff2d00000) (1024K)]
  0x00000260f8c7fe90 WorkerThread "GC Thread#0"                     [id=20528, stack(0x000000bff2700000,0x000000bff2800000) (1024K)]
  0x00000260d69efa20 ConcurrentGCThread "G1 Main Marker"            [id=1304, stack(0x000000bff2800000,0x000000bff2900000) (1024K)]
  0x00000260d69f0be0 WorkerThread "G1 Conc#0"                       [id=8208, stack(0x000000bff2900000,0x000000bff2a00000) (1024K)]
  0x00000260f8d003b0 ConcurrentGCThread "G1 Refine#0"               [id=8084, stack(0x000000bff2a00000,0x000000bff2b00000) (1024K)]
  0x00000260f8d00f30 ConcurrentGCThread "G1 Service"                [id=5360, stack(0x000000bff2b00000,0x000000bff2c00000) (1024K)]
Total: 7

Threads with active compile tasks:
Total: 0

VM state: not at safepoint (normal execution)

VM Mutex/Monitor currently owned by a thread: None

Heap address: 0x0000000601000000, size: 8176 MB, Compressed Oops mode: Zero based, Oop shift amount: 3

CDS archive(s) mapped at: [0x0000026080000000-0x0000026080d40000-0x0000026080d40000), size 13893632, SharedBaseAddress: 0x0000026080000000, ArchiveRelocationMode: 1.
Compressed class space mapped at: 0x0000026081000000-0x00000260c1000000, reserved size: 1073741824
UseCompressedClassPointers 1, UseCompactObjectHeaders 0
Narrow klass pointer bits 32, Max shift 3
Narrow klass base: 0x0000026080000000, Narrow klass shift: 0
Encoding Range: [0x0000026080000000 - 0x0000026180000000), (4294967296 bytes)
Klass Range:    [0x0000026080000000 - 0x00000260c1000000), (1090519040 bytes)
Klass ID Range:  [8 - 1090519033) (1090519025)

GC Precious Log:
 CardTable entry size: 512
 Card Set container configuration: InlinePtr #cards 4 size 8 Array Of Cards #cards 32 size 80 Howl #buckets 8 coarsen threshold 7372 Howl Bitmap #cards 1024 size 144 coarsen threshold 921 Card regions per heap region 1 cards per card region 8192
 CPUs: 16 total, 16 available
 Memory: 32690M
 Large Page Support: Disabled
 NUMA Support: Disabled
 Compressed Oops: Enabled (Zero based)
 Heap Region Size: 4M
 Heap Min Capacity: 8M
 Heap Initial Capacity: 512M
 Heap Max Capacity: 8176M
 Pre-touch: Disabled
 Parallel Workers: 13
 Concurrent Workers: 3
 Concurrent Refinement Workers: 13
 Periodic GC: Disabled

Heap:
 garbage-first heap   total reserved 8372224K, committed 528384K, used 33908K [0x0000000601000000, 0x0000000800000000)
  region size 4096K, 9 young (36864K), 0 survivors (0K)
 Metaspace       used 7969K, committed 8192K, reserved 1114112K
  class space    used 733K, committed 832K, reserved 1048576K

Heap Regions: E=young(eden), S=young(survivor), O=old, HS=humongous(starts), HC=humongous(continues), CS=collection set, F=free, TAMS=top-at-mark-start, PB=parsable bottom
|   0|0x0000000601000000, 0x0000000601000000, 0x0000000601400000|  0%| F|  |TAMS 0x0000000601000000| PB 0x0000000601000000| Untracked |  0
|   1|0x0000000601400000, 0x0000000601400000, 0x0000000601800000|  0%| F|  |TAMS 0x0000000601400000| PB 0x0000000601400000| Untracked |  0
|   2|0x0000000601800000, 0x0000000601800000, 0x0000000601c00000|  0%| F|  |TAMS 0x0000000601800000| PB 0x0000000601800000| Untracked |  0
|   3|0x0000000601c00000, 0x0000000601c00000, 0x0000000602000000|  0%| F|  |TAMS 0x0000000601c00000| PB 0x0000000601c00000| Untracked |  0
|   4|0x0000000602000000, 0x0000000602000000, 0x0000000602400000|  0%| F|  |TAMS 0x0000000602000000| PB 0x0000000602000000| Untracked |  0
|   5|0x0000000602400000, 0x0000000602400000, 0x0000000602800000|  0%| F|  |TAMS 0x0000000602400000| PB 0x0000000602400000| Untracked |  0
|   6|0x0000000602800000, 0x0000000602800000, 0x0000000602c00000|  0%| F|  |TAMS 0x0000000602800000| PB 0x0000000602800000| Untracked |  0
|   7|0x0000000602c00000, 0x0000000602c00000, 0x0000000603000000|  0%| F|  |TAMS 0x0000000602c00000| PB 0x0000000602c00000| Untracked |  0
|   8|0x0000000603000000, 0x0000000603000000, 0x0000000603400000|  0%| F|  |TAMS 0x0000000603000000| PB 0x0000000603000000| Untracked |  0
|   9|0x0000000603400000, 0x0000000603400000, 0x0000000603800000|  0%| F|  |TAMS 0x0000000603400000| PB 0x0000000603400000| Untracked |  0
|  10|0x0000000603800000, 0x0000000603800000, 0x0000000603c00000|  0%| F|  |TAMS 0x0000000603800000| PB 0x0000000603800000| Untracked |  0
|  11|0x0000000603c00000, 0x0000000603c00000, 0x0000000604000000|  0%| F|  |TAMS 0x0000000603c00000| PB 0x0000000603c00000| Untracked |  0
|  12|0x0000000604000000, 0x0000000604000000, 0x0000000604400000|  0%| F|  |TAMS 0x0000000604000000| PB 0x0000000604000000| Untracked |  0
|  13|0x0000000604400000, 0x0000000604400000, 0x0000000604800000|  0%| F|  |TAMS 0x0000000604400000| PB 0x0000000604400000| Untracked |  0
|  14|0x0000000604800000, 0x0000000604800000, 0x0000000604c00000|  0%| F|  |TAMS 0x0000000604800000| PB 0x0000000604800000| Untracked |  0
|  15|0x0000000604c00000, 0x0000000604c00000, 0x0000000605000000|  0%| F|  |TAMS 0x0000000604c00000| PB 0x0000000604c00000| Untracked |  0
|  16|0x0000000605000000, 0x0000000605000000, 0x0000000605400000|  0%| F|  |TAMS 0x0000000605000000| PB 0x0000000605000000| Untracked |  0
|  17|0x0000000605400000, 0x0000000605400000, 0x0000000605800000|  0%| F|  |TAMS 0x0000000605400000| PB 0x0000000605400000| Untracked |  0
|  18|0x0000000605800000, 0x0000000605800000, 0x0000000605c00000|  0%| F|  |TAMS 0x0000000605800000| PB 0x0000000605800000| Untracked |  0
|  19|0x0000000605c00000, 0x0000000605c00000, 0x0000000606000000|  0%| F|  |TAMS 0x0000000605c00000| PB 0x0000000605c00000| Untracked |  0
|  20|0x0000000606000000, 0x0000000606000000, 0x0000000606400000|  0%| F|  |TAMS 0x0000000606000000| PB 0x0000000606000000| Untracked |  0
|  21|0x0000000606400000, 0x0000000606400000, 0x0000000606800000|  0%| F|  |TAMS 0x0000000606400000| PB 0x0000000606400000| Untracked |  0
|  22|0x0000000606800000, 0x0000000606800000, 0x0000000606c00000|  0%| F|  |TAMS 0x0000000606800000| PB 0x0000000606800000| Untracked |  0
|  23|0x0000000606c00000, 0x0000000606c00000, 0x0000000607000000|  0%| F|  |TAMS 0x0000000606c00000| PB 0x0000000606c00000| Untracked |  0
|  24|0x0000000607000000, 0x0000000607000000, 0x0000000607400000|  0%| F|  |TAMS 0x0000000607000000| PB 0x0000000607000000| Untracked |  0
|  25|0x0000000607400000, 0x0000000607400000, 0x0000000607800000|  0%| F|  |TAMS 0x0000000607400000| PB 0x0000000607400000| Untracked |  0
|  26|0x0000000607800000, 0x0000000607800000, 0x0000000607c00000|  0%| F|  |TAMS 0x0000000607800000| PB 0x0000000607800000| Untracked |  0
|  27|0x0000000607c00000, 0x0000000607c00000, 0x0000000608000000|  0%| F|  |TAMS 0x0000000607c00000| PB 0x0000000607c00000| Untracked |  0
|  28|0x0000000608000000, 0x0000000608000000, 0x0000000608400000|  0%| F|  |TAMS 0x0000000608000000| PB 0x0000000608000000| Untracked |  0
|  29|0x0000000608400000, 0x0000000608400000, 0x0000000608800000|  0%| F|  |TAMS 0x0000000608400000| PB 0x0000000608400000| Untracked |  0
|  30|0x0000000608800000, 0x0000000608800000, 0x0000000608c00000|  0%| F|  |TAMS 0x0000000608800000| PB 0x0000000608800000| Untracked |  0
|  31|0x0000000608c00000, 0x0000000608c00000, 0x0000000609000000|  0%| F|  |TAMS 0x0000000608c00000| PB 0x0000000608c00000| Untracked |  0
|  32|0x0000000609000000, 0x0000000609000000, 0x0000000609400000|  0%| F|  |TAMS 0x0000000609000000| PB 0x0000000609000000| Untracked |  0
|  33|0x0000000609400000, 0x0000000609400000, 0x0000000609800000|  0%| F|  |TAMS 0x0000000609400000| PB 0x0000000609400000| Untracked |  0
|  34|0x0000000609800000, 0x0000000609800000, 0x0000000609c00000|  0%| F|  |TAMS 0x0000000609800000| PB 0x0000000609800000| Untracked |  0
|  35|0x0000000609c00000, 0x0000000609c00000, 0x000000060a000000|  0%| F|  |TAMS 0x0000000609c00000| PB 0x0000000609c00000| Untracked |  0
|  36|0x000000060a000000, 0x000000060a000000, 0x000000060a400000|  0%| F|  |TAMS 0x000000060a000000| PB 0x000000060a000000| Untracked |  0
|  37|0x000000060a400000, 0x000000060a400000, 0x000000060a800000|  0%| F|  |TAMS 0x000000060a400000| PB 0x000000060a400000| Untracked |  0
|  38|0x000000060a800000, 0x000000060a800000, 0x000000060ac00000|  0%| F|  |TAMS 0x000000060a800000| PB 0x000000060a800000| Untracked |  0
|  39|0x000000060ac00000, 0x000000060ac00000, 0x000000060b000000|  0%| F|  |TAMS 0x000000060ac00000| PB 0x000000060ac00000| Untracked |  0
|  40|0x000000060b000000, 0x000000060b000000, 0x000000060b400000|  0%| F|  |TAMS 0x000000060b000000| PB 0x000000060b000000| Untracked |  0
|  41|0x000000060b400000, 0x000000060b400000, 0x000000060b800000|  0%| F|  |TAMS 0x000000060b400000| PB 0x000000060b400000| Untracked |  0
|  42|0x000000060b800000, 0x000000060b800000, 0x000000060bc00000|  0%| F|  |TAMS 0x000000060b800000| PB 0x000000060b800000| Untracked |  0
|  43|0x000000060bc00000, 0x000000060bc00000, 0x000000060c000000|  0%| F|  |TAMS 0x000000060bc00000| PB 0x000000060bc00000| Untracked |  0
|  44|0x000000060c000000, 0x000000060c000000, 0x000000060c400000|  0%| F|  |TAMS 0x000000060c000000| PB 0x000000060c000000| Untracked |  0
|  45|0x000000060c400000, 0x000000060c400000, 0x000000060c800000|  0%| F|  |TAMS 0x000000060c400000| PB 0x000000060c400000| Untracked |  0
|  46|0x000000060c800000, 0x000000060c800000, 0x000000060cc00000|  0%| F|  |TAMS 0x000000060c800000| PB 0x000000060c800000| Untracked |  0
|  47|0x000000060cc00000, 0x000000060cc00000, 0x000000060d000000|  0%| F|  |TAMS 0x000000060cc00000| PB 0x000000060cc00000| Untracked |  0
|  48|0x000000060d000000, 0x000000060d000000, 0x000000060d400000|  0%| F|  |TAMS 0x000000060d000000| PB 0x000000060d000000| Untracked |  0
|  49|0x000000060d400000, 0x000000060d400000, 0x000000060d800000|  0%| F|  |TAMS 0x000000060d400000| PB 0x000000060d400000| Untracked |  0
|  50|0x000000060d800000, 0x000000060d800000, 0x000000060dc00000|  0%| F|  |TAMS 0x000000060d800000| PB 0x000000060d800000| Untracked |  0
|  51|0x000000060dc00000, 0x000000060dc00000, 0x000000060e000000|  0%| F|  |TAMS 0x000000060dc00000| PB 0x000000060dc00000| Untracked |  0
|  52|0x000000060e000000, 0x000000060e000000, 0x000000060e400000|  0%| F|  |TAMS 0x000000060e000000| PB 0x000000060e000000| Untracked |  0
|  53|0x000000060e400000, 0x000000060e400000, 0x000000060e800000|  0%| F|  |TAMS 0x000000060e400000| PB 0x000000060e400000| Untracked |  0
|  54|0x000000060e800000, 0x000000060e800000, 0x000000060ec00000|  0%| F|  |TAMS 0x000000060e800000| PB 0x000000060e800000| Untracked |  0
|  55|0x000000060ec00000, 0x000000060ec00000, 0x000000060f000000|  0%| F|  |TAMS 0x000000060ec00000| PB 0x000000060ec00000| Untracked |  0
|  56|0x000000060f000000, 0x000000060f000000, 0x000000060f400000|  0%| F|  |TAMS 0x000000060f000000| PB 0x000000060f000000| Untracked |  0
|  57|0x000000060f400000, 0x000000060f400000, 0x000000060f800000|  0%| F|  |TAMS 0x000000060f400000| PB 0x000000060f400000| Untracked |  0
|  58|0x000000060f800000, 0x000000060f800000, 0x000000060fc00000|  0%| F|  |TAMS 0x000000060f800000| PB 0x000000060f800000| Untracked |  0
|  59|0x000000060fc00000, 0x000000060fc00000, 0x0000000610000000|  0%| F|  |TAMS 0x000000060fc00000| PB 0x000000060fc00000| Untracked |  0
|  60|0x0000000610000000, 0x0000000610000000, 0x0000000610400000|  0%| F|  |TAMS 0x0000000610000000| PB 0x0000000610000000| Untracked |  0
|  61|0x0000000610400000, 0x0000000610400000, 0x0000000610800000|  0%| F|  |TAMS 0x0000000610400000| PB 0x0000000610400000| Untracked |  0
|  62|0x0000000610800000, 0x0000000610800000, 0x0000000610c00000|  0%| F|  |TAMS 0x0000000610800000| PB 0x0000000610800000| Untracked |  0
|  63|0x0000000610c00000, 0x0000000610c00000, 0x0000000611000000|  0%| F|  |TAMS 0x0000000610c00000| PB 0x0000000610c00000| Untracked |  0
|  64|0x0000000611000000, 0x0000000611000000, 0x0000000611400000|  0%| F|  |TAMS 0x0000000611000000| PB 0x0000000611000000| Untracked |  0
|  65|0x0000000611400000, 0x0000000611400000, 0x0000000611800000|  0%| F|  |TAMS 0x0000000611400000| PB 0x0000000611400000| Untracked |  0
|  66|0x0000000611800000, 0x0000000611800000, 0x0000000611c00000|  0%| F|  |TAMS 0x0000000611800000| PB 0x0000000611800000| Untracked |  0
|  67|0x0000000611c00000, 0x0000000611c00000, 0x0000000612000000|  0%| F|  |TAMS 0x0000000611c00000| PB 0x0000000611c00000| Untracked |  0
|  68|0x0000000612000000, 0x0000000612000000, 0x0000000612400000|  0%| F|  |TAMS 0x0000000612000000| PB 0x0000000612000000| Untracked |  0
|  69|0x0000000612400000, 0x0000000612400000, 0x0000000612800000|  0%| F|  |TAMS 0x0000000612400000| PB 0x0000000612400000| Untracked |  0
|  70|0x0000000612800000, 0x0000000612800000, 0x0000000612c00000|  0%| F|  |TAMS 0x0000000612800000| PB 0x0000000612800000| Untracked |  0
|  71|0x0000000612c00000, 0x0000000612c00000, 0x0000000613000000|  0%| F|  |TAMS 0x0000000612c00000| PB 0x0000000612c00000| Untracked |  0
|  72|0x0000000613000000, 0x0000000613000000, 0x0000000613400000|  0%| F|  |TAMS 0x0000000613000000| PB 0x0000000613000000| Untracked |  0
|  73|0x0000000613400000, 0x0000000613400000, 0x0000000613800000|  0%| F|  |TAMS 0x0000000613400000| PB 0x0000000613400000| Untracked |  0
|  74|0x0000000613800000, 0x0000000613800000, 0x0000000613c00000|  0%| F|  |TAMS 0x0000000613800000| PB 0x0000000613800000| Untracked |  0
|  75|0x0000000613c00000, 0x0000000613c00000, 0x0000000614000000|  0%| F|  |TAMS 0x0000000613c00000| PB 0x0000000613c00000| Untracked |  0
|  76|0x0000000614000000, 0x0000000614000000, 0x0000000614400000|  0%| F|  |TAMS 0x0000000614000000| PB 0x0000000614000000| Untracked |  0
|  77|0x0000000614400000, 0x0000000614400000, 0x0000000614800000|  0%| F|  |TAMS 0x0000000614400000| PB 0x0000000614400000| Untracked |  0
|  78|0x0000000614800000, 0x0000000614800000, 0x0000000614c00000|  0%| F|  |TAMS 0x0000000614800000| PB 0x0000000614800000| Untracked |  0
|  79|0x0000000614c00000, 0x0000000614c00000, 0x0000000615000000|  0%| F|  |TAMS 0x0000000614c00000| PB 0x0000000614c00000| Untracked |  0
|  80|0x0000000615000000, 0x0000000615000000, 0x0000000615400000|  0%| F|  |TAMS 0x0000000615000000| PB 0x0000000615000000| Untracked |  0
|  81|0x0000000615400000, 0x0000000615400000, 0x0000000615800000|  0%| F|  |TAMS 0x0000000615400000| PB 0x0000000615400000| Untracked |  0
|  82|0x0000000615800000, 0x0000000615800000, 0x0000000615c00000|  0%| F|  |TAMS 0x0000000615800000| PB 0x0000000615800000| Untracked |  0
|  83|0x0000000615c00000, 0x0000000615c00000, 0x0000000616000000|  0%| F|  |TAMS 0x0000000615c00000| PB 0x0000000615c00000| Untracked |  0
|  84|0x0000000616000000, 0x0000000616000000, 0x0000000616400000|  0%| F|  |TAMS 0x0000000616000000| PB 0x0000000616000000| Untracked |  0
|  85|0x0000000616400000, 0x0000000616400000, 0x0000000616800000|  0%| F|  |TAMS 0x0000000616400000| PB 0x0000000616400000| Untracked |  0
|  86|0x0000000616800000, 0x0000000616800000, 0x0000000616c00000|  0%| F|  |TAMS 0x0000000616800000| PB 0x0000000616800000| Untracked |  0
|  87|0x0000000616c00000, 0x0000000616c00000, 0x0000000617000000|  0%| F|  |TAMS 0x0000000616c00000| PB 0x0000000616c00000| Untracked |  0
|  88|0x0000000617000000, 0x0000000617000000, 0x0000000617400000|  0%| F|  |TAMS 0x0000000617000000| PB 0x0000000617000000| Untracked |  0
|  89|0x0000000617400000, 0x0000000617400000, 0x0000000617800000|  0%| F|  |TAMS 0x0000000617400000| PB 0x0000000617400000| Untracked |  0
|  90|0x0000000617800000, 0x0000000617800000, 0x0000000617c00000|  0%| F|  |TAMS 0x0000000617800000| PB 0x0000000617800000| Untracked |  0
|  91|0x0000000617c00000, 0x0000000617c00000, 0x0000000618000000|  0%| F|  |TAMS 0x0000000617c00000| PB 0x0000000617c00000| Untracked |  0
|  92|0x0000000618000000, 0x0000000618000000, 0x0000000618400000|  0%| F|  |TAMS 0x0000000618000000| PB 0x0000000618000000| Untracked |  0
|  93|0x0000000618400000, 0x0000000618400000, 0x0000000618800000|  0%| F|  |TAMS 0x0000000618400000| PB 0x0000000618400000| Untracked |  0
|  94|0x0000000618800000, 0x0000000618800000, 0x0000000618c00000|  0%| F|  |TAMS 0x0000000618800000| PB 0x0000000618800000| Untracked |  0
|  95|0x0000000618c00000, 0x0000000618c00000, 0x0000000619000000|  0%| F|  |TAMS 0x0000000618c00000| PB 0x0000000618c00000| Untracked |  0
|  96|0x0000000619000000, 0x0000000619000000, 0x0000000619400000|  0%| F|  |TAMS 0x0000000619000000| PB 0x0000000619000000| Untracked |  0
|  97|0x0000000619400000, 0x0000000619400000, 0x0000000619800000|  0%| F|  |TAMS 0x0000000619400000| PB 0x0000000619400000| Untracked |  0
|  98|0x0000000619800000, 0x0000000619800000, 0x0000000619c00000|  0%| F|  |TAMS 0x0000000619800000| PB 0x0000000619800000| Untracked |  0
|  99|0x0000000619c00000, 0x0000000619c00000, 0x000000061a000000|  0%| F|  |TAMS 0x0000000619c00000| PB 0x0000000619c00000| Untracked |  0
| 100|0x000000061a000000, 0x000000061a000000, 0x000000061a400000|  0%| F|  |TAMS 0x000000061a000000| PB 0x000000061a000000| Untracked |  0
| 101|0x000000061a400000, 0x000000061a400000, 0x000000061a800000|  0%| F|  |TAMS 0x000000061a400000| PB 0x000000061a400000| Untracked |  0
| 102|0x000000061a800000, 0x000000061a800000, 0x000000061ac00000|  0%| F|  |TAMS 0x000000061a800000| PB 0x000000061a800000| Untracked |  0
| 103|0x000000061ac00000, 0x000000061ac00000, 0x000000061b000000|  0%| F|  |TAMS 0x000000061ac00000| PB 0x000000061ac00000| Untracked |  0
| 104|0x000000061b000000, 0x000000061b000000, 0x000000061b400000|  0%| F|  |TAMS 0x000000061b000000| PB 0x000000061b000000| Untracked |  0
| 105|0x000000061b400000, 0x000000061b400000, 0x000000061b800000|  0%| F|  |TAMS 0x000000061b400000| PB 0x000000061b400000| Untracked |  0
| 106|0x000000061b800000, 0x000000061b800000, 0x000000061bc00000|  0%| F|  |TAMS 0x000000061b800000| PB 0x000000061b800000| Untracked |  0
| 107|0x000000061bc00000, 0x000000061bc00000, 0x000000061c000000|  0%| F|  |TAMS 0x000000061bc00000| PB 0x000000061bc00000| Untracked |  0
| 108|0x000000061c000000, 0x000000061c000000, 0x000000061c400000|  0%| F|  |TAMS 0x000000061c000000| PB 0x000000061c000000| Untracked |  0
| 109|0x000000061c400000, 0x000000061c400000, 0x000000061c800000|  0%| F|  |TAMS 0x000000061c400000| PB 0x000000061c400000| Untracked |  0
| 110|0x000000061c800000, 0x000000061c800000, 0x000000061cc00000|  0%| F|  |TAMS 0x000000061c800000| PB 0x000000061c800000| Untracked |  0
| 111|0x000000061cc00000, 0x000000061cc00000, 0x000000061d000000|  0%| F|  |TAMS 0x000000061cc00000| PB 0x000000061cc00000| Untracked |  0
| 112|0x000000061d000000, 0x000000061d000000, 0x000000061d400000|  0%| F|  |TAMS 0x000000061d000000| PB 0x000000061d000000| Untracked |  0
| 113|0x000000061d400000, 0x000000061d400000, 0x000000061d800000|  0%| F|  |TAMS 0x000000061d400000| PB 0x000000061d400000| Untracked |  0
| 114|0x000000061d800000, 0x000000061d800000, 0x000000061dc00000|  0%| F|  |TAMS 0x000000061d800000| PB 0x000000061d800000| Untracked |  0
| 115|0x000000061dc00000, 0x000000061dc00000, 0x000000061e000000|  0%| F|  |TAMS 0x000000061dc00000| PB 0x000000061dc00000| Untracked |  0
| 116|0x000000061e000000, 0x000000061e000000, 0x000000061e400000|  0%| F|  |TAMS 0x000000061e000000| PB 0x000000061e000000| Untracked |  0
| 117|0x000000061e400000, 0x000000061e400000, 0x000000061e800000|  0%| F|  |TAMS 0x000000061e400000| PB 0x000000061e400000| Untracked |  0
| 118|0x000000061e800000, 0x000000061e800000, 0x000000061ec00000|  0%| F|  |TAMS 0x000000061e800000| PB 0x000000061e800000| Untracked |  0
| 119|0x000000061ec00000, 0x000000061eff1180, 0x000000061f000000| 98%| E|  |TAMS 0x000000061ec00000| PB 0x000000061ec00000| Complete |  0
| 120|0x000000061f000000, 0x000000061f400000, 0x000000061f400000|100%| E|CS|TAMS 0x000000061f000000| PB 0x000000061f000000| Complete |  0
| 121|0x000000061f400000, 0x000000061f800000, 0x000000061f800000|100%| E|CS|TAMS 0x000000061f400000| PB 0x000000061f400000| Complete |  0
| 122|0x000000061f800000, 0x000000061fc00000, 0x000000061fc00000|100%| E|CS|TAMS 0x000000061f800000| PB 0x000000061f800000| Complete |  0
| 123|0x000000061fc00000, 0x0000000620000000, 0x0000000620000000|100%| E|CS|TAMS 0x000000061fc00000| PB 0x000000061fc00000| Complete |  0
| 124|0x0000000620000000, 0x0000000620400000, 0x0000000620400000|100%| E|CS|TAMS 0x0000000620000000| PB 0x0000000620000000| Complete |  0
| 125|0x0000000620400000, 0x0000000620800000, 0x0000000620800000|100%| E|CS|TAMS 0x0000000620400000| PB 0x0000000620400000| Complete |  0
| 126|0x0000000620800000, 0x0000000620c00000, 0x0000000620c00000|100%| E|CS|TAMS 0x0000000620800000| PB 0x0000000620800000| Complete |  0
| 127|0x0000000620c00000, 0x0000000621000000, 0x0000000621000000|100%| E|CS|TAMS 0x0000000620c00000| PB 0x0000000620c00000| Complete |  0
|2043|0x00000007ffc00000, 0x00000007ffd1d1c0, 0x0000000800000000| 27%| O|  |TAMS 0x00000007ffc00000| PB 0x00000007ffc00000| Untracked |  0

Card table byte_map: [0x00000260efbb0000,0x00000260f0bb0000] _byte_map_base: 0x00000260ecba8000

Marking Bits: (CMBitMap*) 0x00000260f8c805a0
 Bits: [0x00000260f0bb0000, 0x00000260f8b70000)

Polling page: 0x00000260d4730000

Metaspace:

Usage:
  Non-class:      7.07 MB used.
      Class:    733.70 KB used.
       Both:      7.78 MB used.

Virtual space:
  Non-class space:       64.00 MB reserved,       7.19 MB ( 11%) committed,  1 nodes.
      Class space:        1.00 GB reserved,     832.00 KB ( <1%) committed,  1 nodes.
             Both:        1.06 GB reserved,       8.00 MB ( <1%) committed. 

Chunk freelists:
   Non-Class:  8.47 MB
       Class:  15.19 MB
        Both:  23.66 MB

MaxMetaspaceSize: unlimited
CompressedClassSpaceSize: 1.00 GB
Initial GC threshold: 21.00 MB
Current GC threshold: 21.00 MB
CDS: on
 - commit_granule_bytes: 65536.
 - commit_granule_words: 8192.
 - virtual_space_node_default_size: 8388608.
 - enlarge_chunks_in_place: 1.
UseCompressedClassPointers 1, UseCompactObjectHeaders 0
Narrow klass pointer bits 32, Max shift 3
Narrow klass base: 0x0000026080000000, Narrow klass shift: 0
Encoding Range: [0x0000026080000000 - 0x0000026180000000), (4294967296 bytes)
Klass Range:    [0x0000026080000000 - 0x00000260c1000000), (1090519040 bytes)
Klass ID Range:  [8 - 1090519033) (1090519025)


Internal statistics:

num_allocs_failed_limit: 0.
num_arena_births: 190.
num_arena_deaths: 0.
num_vsnodes_births: 2.
num_vsnodes_deaths: 0.
num_space_committed: 128.
num_space_uncommitted: 0.
num_chunks_returned_to_freelist: 0.
num_chunks_taken_from_freelist: 272.
num_chunk_merges: 0.
num_chunk_splits: 152.
num_chunks_enlarged: 45.
num_inconsistent_stats: 0.

CodeHeap 'non-profiled nmethods': size=119232Kb used=692Kb max_used=692Kb free=118539Kb
 bounds [0x00000260e6da0000, 0x00000260e7010000, 0x00000260ee210000]
CodeHeap 'profiled nmethods': size=119104Kb used=3183Kb max_used=3183Kb free=115920Kb
 bounds [0x00000260df210000, 0x00000260df530000, 0x00000260e6660000]
CodeHeap 'non-nmethods': size=7424Kb used=2466Kb max_used=3047Kb free=4957Kb
 bounds [0x00000260e6660000, 0x00000260e6960000, 0x00000260e6da0000]
CodeCache: size=245760Kb, used=6341Kb, max_used=6922Kb, free=239416Kb
 total_blobs=2669, nmethods=2155, adapters=417, full_count=0
Compilation: enabled, stopped_count=0, restarted_count=0

Compilation events (20 events):
Event: 6.620 Thread 0x00000260c650f7e0 2150       3       jdk.jfr.internal.SettingsManager$InternalSetting::getValues (35 bytes)
Event: 6.620 Thread 0x00000260f8df44e0 2151       3       jdk.jfr.internal.Control::apply (10 bytes)
Event: 6.620 Thread 0x00000260f8df44e0 nmethod 2151 0x00000260df528488 code [0x00000260df5285c0, 0x00000260df5287c8]
Event: 6.620 Thread 0x00000260c650f7e0 nmethod 2150 0x00000260df528808 code [0x00000260df528960, 0x00000260df528e28]
Event: 6.620 Thread 0x00000260f8df44e0 2152       3       jdk.jfr.internal.Control::findCombine (121 bytes)
Event: 6.620 Thread 0x00000260c650f7e0 2147       1       jdk.jfr.internal.EventControl::getNamedControls (5 bytes)
Event: 6.620 Thread 0x00000260c650f7e0 nmethod 2147 0x00000260e6e3d988 code [0x00000260e6e3da80, 0x00000260e6e3db48]
Event: 6.620 Thread 0x00000260c650f7e0 2148       1       jdk.jfr.internal.PlatformEventType::isEnabled (5 bytes)
Event: 6.620 Thread 0x00000260c650f7e0 nmethod 2148 0x00000260e6e3dc88 code [0x00000260e6e3dd80, 0x00000260e6e3de48]
Event: 6.620 Thread 0x00000260c650e840 nmethod 2149 0x00000260df528e88 code [0x00000260df529120, 0x00000260df52a578]
Event: 6.620 Thread 0x00000260f8df44e0 nmethod 2152 0x00000260df52a608 code [0x00000260df52a820, 0x00000260df52b808]
Event: 6.622 Thread 0x00000260f8df3830 nmethod 2119 0x00000260e6e3df88 code [0x00000260e6e3e220, 0x00000260e6e3fe08]
Event: 6.624 Thread 0x00000260c1714260 nmethod 2133 0x00000260e6e3ff08 code [0x00000260e6e40020, 0x00000260e6e405b0]
Event: 6.624 Thread 0x00000260c1380e90 nmethod 2105 0x00000260e6e40608 code [0x00000260e6e40860, 0x00000260e6e414b0]
Event: 6.624 Thread 0x00000260c650e840 2153       1       jdk.jfr.internal.periodic.EventTask::getEventType (5 bytes)
Event: 6.624 Thread 0x00000260c650e840 nmethod 2153 0x00000260e6e41588 code [0x00000260e6e41680, 0x00000260e6e41748]
Event: 6.624 Thread 0x00000260c650f7e0 2154       1       jdk.jfr.internal.periodic.PeriodicTask::getPeriod (5 bytes)
Event: 6.624 Thread 0x00000260c650e840 2155       3       java.util.Comparator$$Lambda/0x00000260810a34b8::compare (10 bytes)
Event: 6.624 Thread 0x00000260c650f7e0 nmethod 2154 0x00000260e6e41888 code [0x00000260e6e41980, 0x00000260e6e41a48]
Event: 6.624 Thread 0x00000260c650e840 nmethod 2155 0x00000260df52b888 code [0x00000260df52b9e0, 0x00000260df52be58]

GC Heap History (0 events):
No events

Dll operation events (12 events):
Event: 0.008 Loaded shared library C:\Program Files\Java\jdk-24\bin\java.dll
Event: 0.032 Loaded shared library C:\Program Files\Java\jdk-24\bin\jsvml.dll
Event: 0.067 Loaded shared library C:\Program Files\Java\jdk-24\bin\zip.dll
Event: 0.069 Loaded shared library C:\Program Files\Java\jdk-24\bin\instrument.dll
Event: 0.074 Loaded shared library C:\Program Files\Java\jdk-24\bin\net.dll
Event: 0.077 Loaded shared library C:\Program Files\Java\jdk-24\bin\nio.dll
Event: 0.080 Loaded shared library C:\Program Files\Java\jdk-24\bin\zip.dll
Event: 0.099 Loaded shared library C:\Program Files\Java\jdk-24\bin\jimage.dll
Event: 0.099 Loaded shared library C:\Program Files\Java\jdk-24\bin\extnet.dll
Event: 0.133 Loaded shared library C:\Program Files\Java\jdk-24\bin\management.dll
Event: 0.140 Loaded shared library C:\Program Files\Java\jdk-24\bin\management_ext.dll
Event: 6.458 Loaded shared library C:\Users\diogo\AppData\Local\Temp\idea_libasyncProfiler_dll_temp_folder2\libasyncProfiler.dll

Deoptimization events (20 events):
Event: 6.570 Thread 0x00000260f8dde810 Uncommon trap: trap_request=0xffffffde fr.pc=0x00000260e6e25610 relative=0x0000000000000070
Event: 6.570 Thread 0x00000260f8dde810 Uncommon trap: reason=class_check action=maybe_recompile pc=0x00000260e6e25610 method=jdk.jfr.FlightRecorderPermission$InternalAccess.getType(Ljava/lang/Object;)Ljdk/jfr/internal/Type; @ 18 c2
Event: 6.570 Thread 0x00000260f8dde810 DEOPT PACKING pc=0x00000260e6e25610 sp=0x000000bff31fe450
Event: 6.570 Thread 0x00000260f8dde810 DEOPT UNPACKING pc=0x00000260e6774102 sp=0x000000bff31fe3e8 mode 2
Event: 6.570 Thread 0x00000260f8dde810 Uncommon trap: trap_request=0xffffffde fr.pc=0x00000260e6e25610 relative=0x0000000000000070
Event: 6.570 Thread 0x00000260f8dde810 Uncommon trap: reason=class_check action=maybe_recompile pc=0x00000260e6e25610 method=jdk.jfr.FlightRecorderPermission$InternalAccess.getType(Ljava/lang/Object;)Ljdk/jfr/internal/Type; @ 18 c2
Event: 6.570 Thread 0x00000260f8dde810 DEOPT PACKING pc=0x00000260e6e25610 sp=0x000000bff31fe450
Event: 6.570 Thread 0x00000260f8dde810 DEOPT UNPACKING pc=0x00000260e6774102 sp=0x000000bff31fe3e8 mode 2
Event: 6.574 Thread 0x00000260f8dde810 Uncommon trap: trap_request=0xffffffcc fr.pc=0x00000260e6e2bd6c relative=0x00000000000003ac
Event: 6.574 Thread 0x00000260f8dde810 Uncommon trap: reason=intrinsic_or_type_checked_inlining action=make_not_entrant pc=0x00000260e6e2bd6c method=java.util.Arrays.copyOf([Ljava/lang/Object;ILjava/lang/Class;)[Ljava/lang/Object; @ 35 c2
Event: 6.574 Thread 0x00000260f8dde810 DEOPT PACKING pc=0x00000260e6e2bd6c sp=0x000000bff31fe2d0
Event: 6.574 Thread 0x00000260f8dde810 DEOPT UNPACKING pc=0x00000260e6774102 sp=0x000000bff31fe260 mode 2
Event: 6.612 Thread 0x00000260f8dde810 Uncommon trap: trap_request=0xffffff4d fr.pc=0x00000260e6e3922c relative=0x000000000000020c
Event: 6.612 Thread 0x00000260f8dde810 Uncommon trap: reason=unstable_if action=reinterpret pc=0x00000260e6e3922c method=java.io.ByteArrayOutputStream.ensureCapacity(I)V @ 11 c2
Event: 6.612 Thread 0x00000260f8dde810 DEOPT PACKING pc=0x00000260e6e3922c sp=0x000000bff31fe5e0
Event: 6.612 Thread 0x00000260f8dde810 DEOPT UNPACKING pc=0x00000260e6774102 sp=0x000000bff31fe518 mode 2
Event: 6.613 Thread 0x00000260f8dde810 Uncommon trap: trap_request=0xffffff4d fr.pc=0x00000260e6e397f0 relative=0x00000000000003d0
Event: 6.613 Thread 0x00000260f8dde810 Uncommon trap: reason=unstable_if action=reinterpret pc=0x00000260e6e397f0 method=java.io.ByteArrayOutputStream.ensureCapacity(I)V @ 11 c2
Event: 6.614 Thread 0x00000260f8dde810 DEOPT PACKING pc=0x00000260e6e397f0 sp=0x000000bff31fe540
Event: 6.614 Thread 0x00000260f8dde810 DEOPT UNPACKING pc=0x00000260e6774102 sp=0x000000bff31fe420 mode 2

Classes loaded (20 events):
Event: 6.603 Loading class jdk/jfr/internal/MetadataWriter
Event: 6.603 Loading class jdk/jfr/internal/MetadataWriter done
Event: 6.603 Loading class jdk/jfr/internal/MetadataDescriptor$Element
Event: 6.604 Loading class jdk/jfr/internal/MetadataDescriptor$Element done
Event: 6.604 Loading class jdk/jfr/internal/MetadataDescriptor$Attribute
Event: 6.604 Loading class jdk/jfr/internal/MetadataDescriptor$Attribute done
Event: 6.609 Loading class jdk/jfr/internal/consumer/StringParser$Encoding
Event: 6.609 Loading class jdk/jfr/internal/consumer/StringParser$Encoding done
Event: 6.615 Loading class jdk/jfr/internal/consumer/RepositoryFiles
Event: 6.615 Loading class jdk/jfr/internal/consumer/RepositoryFiles done
Event: 6.617 Loading class jdk/jfr/internal/SettingsManager$InternalSetting
Event: 6.617 Loading class jdk/jfr/internal/SettingsManager$InternalSetting done
Event: 6.618 Loading class jdk/jfr/internal/util/Rate
Event: 6.618 Loading class jdk/jfr/internal/util/Rate done
Event: 6.618 Loading class jdk/jfr/internal/util/TimespanUnit
Event: 6.618 Loading class jdk/jfr/internal/util/TimespanUnit done
Event: 6.619 Loading class jdk/jfr/internal/util/ValueParser
Event: 6.619 Loading class jdk/jfr/internal/util/ValueParser done
Event: 6.620 Loading class jdk/jfr/internal/periodic/PeriodicType
Event: 6.620 Loading class jdk/jfr/internal/periodic/PeriodicType done

Classes unloaded (0 events):
No events

Classes redefined (0 events):
No events

Internal exceptions (20 events):
Event: 0.357 Thread 0x00000260c1ad1320 Exception <a 'java/lang/NoSuchMethodError'{0x000000061f84eb70}: 'java.lang.Object java.lang.invoke.Invokers$Holder.invokeExact_MT(java.lang.Object, java.lang.Object, java.lang.Object, java.lang.Object, java.lang.Object, java.lang.Object)'> (0x000000061f84eb70) 
thrown [s\open\src\hotspot\share\interpreter\linkResolver.cpp, line 805]
Event: 0.359 Thread 0x00000260c1ad1320 Exception <a 'java/lang/NoSuchMethodError'{0x000000061f85a8b0}: 'java.lang.Object java.lang.invoke.DirectMethodHandle$Holder.invokeInterface(java.lang.Object, java.lang.Object, java.lang.Object, java.lang.Object, java.lang.Object)'> (0x000000061f85a8b0) 
thrown [s\open\src\hotspot\share\interpreter\linkResolver.cpp, line 805]
Event: 0.363 Thread 0x00000260c1ad1320 Exception <a 'java/lang/NoSuchMethodError'{0x000000061f8a5230}: 'double java.lang.invoke.DirectMethodHandle$Holder.invokeInterface(java.lang.Object, java.lang.Object)'> (0x000000061f8a5230) 
thrown [s\open\src\hotspot\share\interpreter\linkResolver.cpp, line 805]
Event: 0.363 Thread 0x00000260c1ad1320 Exception <a 'java/lang/NoSuchMethodError'{0x000000061f8b5ea0}: 'double java.lang.invoke.DelegatingMethodHandle$Holder.reinvoke_L(java.lang.Object, java.lang.Object)'> (0x000000061f8b5ea0) 
thrown [s\open\src\hotspot\share\interpreter\linkResolver.cpp, line 805]
Event: 0.902 Thread 0x00000260c1ad1320 Exception <a 'java/lang/NoSuchMethodError'{0x000000061f8ddad0}: 'long java.lang.invoke.DirectMethodHandle$Holder.invokeVirtual(java.lang.Object, java.lang.Object)'> (0x000000061f8ddad0) 
thrown [s\open\src\hotspot\share\interpreter\linkResolver.cpp, line 805]
Event: 0.902 Thread 0x00000260c1ad1320 Exception <a 'java/lang/NoSuchMethodError'{0x000000061f8e5dc0}: 'java.lang.Object java.lang.invoke.DirectMethodHandle$Holder.invokeStatic(java.lang.Object, long)'> (0x000000061f8e5dc0) 
thrown [s\open\src\hotspot\share\interpreter\linkResolver.cpp, line 805]
Event: 0.903 Thread 0x00000260c1ad1320 Exception <a 'java/lang/NoSuchMethodError'{0x000000061f8f5e68}: 'long java.lang.invoke.DelegatingMethodHandle$Holder.reinvoke_L(java.lang.Object, java.lang.Object)'> (0x000000061f8f5e68) 
thrown [s\open\src\hotspot\share\interpreter\linkResolver.cpp, line 805]
Event: 6.485 Thread 0x00000260f8dde810 Exception <a 'java/lang/NoSuchMethodError'{0x000000061fa747a8}: 'java.lang.Object java.lang.invoke.DirectMethodHandle$Holder.invokeStatic(java.lang.Object, int, java.lang.Object)'> (0x000000061fa747a8) 
thrown [s\open\src\hotspot\share\interpreter\linkResolver.cpp, line 805]
Event: 6.487 Thread 0x00000260f8dde810 Implicit null exception at 0x00000260e6dce8b9 to 0x00000260e6dcf2f4
Event: 6.487 Thread 0x00000260f8dde810 Implicit null exception at 0x00000260e6e0311d to 0x00000260e6e03199
Event: 6.498 Thread 0x00000260f8dde810 Exception <a 'java/lang/NoSuchMethodError'{0x000000061fac69d0}: 'void java.lang.invoke.DirectMethodHandle$Holder.invokeStaticInit(java.lang.Object)'> (0x000000061fac69d0) 
thrown [s\open\src\hotspot\share\interpreter\linkResolver.cpp, line 805]
Event: 6.504 Thread 0x00000260f8dde810 Exception <a 'java/lang/NoSuchMethodError'{0x000000061fb25208}: 'java.lang.Object java.lang.invoke.DirectMethodHandle$Holder.newInvokeSpecial(java.lang.Object, java.lang.Object, java.lang.Object, java.lang.Object, java.lang.Object)'> (0x000000061fb25208) 
thrown [s\open\src\hotspot\share\interpreter\linkResolver.cpp, line 805]
Event: 6.530 Thread 0x00000260f8dde810 Exception <a 'java/lang/NoSuchMethodError'{0x000000061f4ba140}: 'int java.lang.invoke.DirectMethodHandle$Holder.invokeStatic(java.lang.Object, java.lang.Object, java.lang.Object, java.lang.Object)'> (0x000000061f4ba140) 
thrown [s\open\src\hotspot\share\interpreter\linkResolver.cpp, line 805]
Event: 6.591 Thread 0x00000260f8dde810 Exception <a 'java/lang/NoSuchMethodError'{0x000000061f2aadd0}: 'void java.lang.invoke.DirectMethodHandle$Holder.invokeSpecial(java.lang.Object, java.lang.Object, int)'> (0x000000061f2aadd0) 
thrown [s\open\src\hotspot\share\interpreter\linkResolver.cpp, line 805]
Event: 6.591 Thread 0x00000260f8dde810 Exception <a 'java/lang/NoSuchMethodError'{0x000000061f2b29f0}: 'void java.lang.invoke.Invokers$Holder.invokeExact_MT(java.lang.Object, int, java.lang.Object)'> (0x000000061f2b29f0) 
thrown [s\open\src\hotspot\share\interpreter\linkResolver.cpp, line 805]
Event: 6.592 Thread 0x00000260f8dde810 Exception <a 'java/lang/NoSuchMethodError'{0x000000061f2cd1d0}: 'void java.lang.invoke.DirectMethodHandle$Holder.invokeStatic(java.lang.Object, java.lang.Object, int)'> (0x000000061f2cd1d0) 
thrown [s\open\src\hotspot\share\interpreter\linkResolver.cpp, line 805]
Event: 6.592 Thread 0x00000260f8dde810 Exception <a 'java/lang/NoSuchMethodError'{0x000000061f2dc0d8}: 'java.lang.Object java.lang.invoke.DirectMethodHandle$Holder.newInvokeSpecial(java.lang.Object, java.lang.Object, int)'> (0x000000061f2dc0d8) 
thrown [s\open\src\hotspot\share\interpreter\linkResolver.cpp, line 805]
Event: 6.596 Thread 0x00000260f8dde810 Exception <a 'sun/nio/fs/WindowsException'{0x000000061ec07070}> (0x000000061ec07070) 
thrown [s\open\src\hotspot\share\prims\jni.cpp, line 518]
Event: 6.598 Thread 0x00000260f8dde810 Exception <a 'sun/nio/fs/WindowsException'{0x000000061ec13e58}> (0x000000061ec13e58) 
thrown [s\open\src\hotspot\share\prims\jni.cpp, line 518]
Event: 6.601 Thread 0x00000260f8dde810 Exception <a 'sun/nio/fs/WindowsException'{0x000000061ec25c20}> (0x000000061ec25c20) 
thrown [s\open\src\hotspot\share\prims\jni.cpp, line 518]

VM Operations (12 events):
Event: 0.055 Executing VM operation: HandshakeAllThreads (Deoptimize)
Event: 0.055 Executing VM operation: HandshakeAllThreads (Deoptimize) done
Event: 0.266 Executing VM operation: HandshakeAllThreads (Deoptimize)
Event: 0.266 Executing VM operation: HandshakeAllThreads (Deoptimize) done
Event: 0.310 Executing VM operation: HandshakeAllThreads (Deoptimize)
Event: 0.310 Executing VM operation: HandshakeAllThreads (Deoptimize) done
Event: 0.341 Executing VM operation: HandshakeAllThreads (Deoptimize)
Event: 0.341 Executing VM operation: HandshakeAllThreads (Deoptimize) done
Event: 6.593 Executing VM operation: HandshakeAllThreads (Deoptimize)
Event: 6.593 Executing VM operation: HandshakeAllThreads (Deoptimize) done
Event: 6.615 Executing VM operation: JFRSafepointClear
Event: 6.615 Executing VM operation: JFRSafepointClear done

Memory protections (0 events):
No events

Nmethod flushes (0 events):
No events

Events (20 events):
Event: 0.242 Thread 0x00000260c1a9d0d0 Thread added: 0x00000260c1a99c40
Event: 0.315 Thread 0x00000260f8dde810 Thread added: 0x00000260c1b10380
Event: 0.324 Thread 0x00000260c1b10380 Thread added: 0x00000260c1ad1320
Event: 0.335 Thread 0x00000260c1ad1320 Thread added: 0x00000260c1abbeb0
Event: 0.340 Thread 0x00000260c1ad1320 Thread added: 0x00000260c1ac25a0
Event: 0.901 Thread 0x00000260c1a99c40 Thread exited: 0x00000260c1a99c40
Event: 0.902 Thread 0x00000260c1a990a0 Thread exited: 0x00000260c1a990a0
Event: 0.902 Thread 0x00000260c1a9d0d0 Thread exited: 0x00000260c1a9d0d0
Event: 0.902 Thread 0x00000260c11c11e0 Thread exited: 0x00000260c11c11e0
Event: 1.929 Thread 0x00000260c1344550 Thread exited: 0x00000260c1344550
Event: 1.929 Thread 0x00000260c10eff30 Thread exited: 0x00000260c10eff30
Event: 1.929 Thread 0x00000260c10f06c0 Thread exited: 0x00000260c10f06c0
Event: 6.472 Thread 0x00000260f8df44e0 Thread added: 0x00000260f8e3b870
Event: 6.472 Thread 0x00000260f8df44e0 Thread added: 0x00000260c1714260
Event: 6.485 Thread 0x00000260c1714260 Thread added: 0x00000260c650e840
Event: 6.485 Thread 0x00000260c1714260 Thread added: 0x00000260c650f7e0
Event: 6.495 Thread 0x00000260f8dde810 Thread added: 0x00000260c13fd900
Event: 6.537 Thread 0x00000260c650f7e0 Thread added: 0x00000260c1380e90
Event: 6.539 Thread 0x00000260f8df44e0 Thread added: 0x00000260c1385a40
Event: 6.593 Thread 0x00000260f8dde810 Thread added: 0x00000260c1976a70


Dynamic libraries:
0x00007ff756250000 - 0x00007ff756260000 	C:\Program Files\Java\jdk-24\bin\java.exe
0x00007ffa05900000 - 0x00007ffa05b66000 	C:\WINDOWS\SYSTEM32\ntdll.dll
0x00007ffa04100000 - 0x00007ffa041c9000 	C:\WINDOWS\System32\KERNEL32.DLL
0x00007ffa03050000 - 0x00007ffa0341c000 	C:\WINDOWS\System32\KERNELBASE.dll
0x00007ffa02b20000 - 0x00007ffa02c6b000 	C:\WINDOWS\System32\ucrtbase.dll
0x00007ff9f2990000 - 0x00007ff9f29a6000 	C:\Program Files\Java\jdk-24\bin\jli.dll
0x00007ff9f2930000 - 0x00007ff9f294b000 	C:\Program Files\Java\jdk-24\bin\VCRUNTIME140.dll
0x00007ffa038c0000 - 0x00007ffa03a8a000 	C:\WINDOWS\System32\USER32.dll
0x00007ffa02df0000 - 0x00007ffa02e17000 	C:\WINDOWS\System32\win32u.dll
0x00007ff9f0fa0000 - 0x00007ff9f123a000 	C:\WINDOWS\WinSxS\amd64_microsoft.windows.common-controls_6595b64144ccf1df_6.0.26100.3912_none_3e07963ce335137e\COMCTL32.dll
0x00007ffa03a90000 - 0x00007ffa03abb000 	C:\WINDOWS\System32\GDI32.dll
0x00007ffa052f0000 - 0x00007ffa05399000 	C:\WINDOWS\System32\msvcrt.dll
0x00007ffa03420000 - 0x00007ffa03552000 	C:\WINDOWS\System32\gdi32full.dll
0x00007ffa02e20000 - 0x00007ffa02ec3000 	C:\WINDOWS\System32\msvcp_win.dll
0x00007ffa036c0000 - 0x00007ffa036f0000 	C:\WINDOWS\System32\IMM32.DLL
0x00007ff9fcdc0000 - 0x00007ff9fcdcc000 	C:\Program Files\Java\jdk-24\bin\vcruntime140_1.dll
0x00007ff9dd380000 - 0x00007ff9dd40e000 	C:\Program Files\Java\jdk-24\bin\msvcp140.dll
0x00007ff93d7b0000 - 0x00007ff93e552000 	C:\Program Files\Java\jdk-24\bin\server\jvm.dll
0x00007ffa05480000 - 0x00007ffa05532000 	C:\WINDOWS\System32\ADVAPI32.dll
0x00007ffa053a0000 - 0x00007ffa05446000 	C:\WINDOWS\System32\sechost.dll
0x00007ffa057a0000 - 0x00007ffa058b6000 	C:\WINDOWS\System32\RPCRT4.dll
0x00007ffa03840000 - 0x00007ffa038b4000 	C:\WINDOWS\System32\WS2_32.dll
0x00007ffa02900000 - 0x00007ffa0295e000 	C:\WINDOWS\SYSTEM32\POWRPROF.dll
0x00007ff9f9c90000 - 0x00007ff9f9c9b000 	C:\WINDOWS\SYSTEM32\VERSION.dll
0x00007ff9f1240000 - 0x00007ff9f1276000 	C:\WINDOWS\SYSTEM32\WINMM.dll
0x00007ffa028e0000 - 0x00007ffa028f4000 	C:\WINDOWS\SYSTEM32\UMPDC.dll
0x00007ffa01850000 - 0x00007ffa0186a000 	C:\WINDOWS\SYSTEM32\kernel.appcore.dll
0x00007ff9fcda0000 - 0x00007ff9fcdaa000 	C:\Program Files\Java\jdk-24\bin\jimage.dll
0x00007ff9fa1d0000 - 0x00007ff9fa411000 	C:\WINDOWS\SYSTEM32\DBGHELP.DLL
0x00007ffa03d70000 - 0x00007ffa040f4000 	C:\WINDOWS\System32\combase.dll
0x00007ffa041d0000 - 0x00007ffa042b0000 	C:\WINDOWS\System32\OLEAUT32.dll
0x00007ff9f19c0000 - 0x00007ff9f19f9000 	C:\WINDOWS\SYSTEM32\dbgcore.DLL
0x00007ffa03560000 - 0x00007ffa035f9000 	C:\WINDOWS\System32\bcryptPrimitives.dll
0x00007ff9fccf0000 - 0x00007ff9fccff000 	C:\Program Files\Java\jdk-24\bin\instrument.dll
0x00007ff9f2910000 - 0x00007ff9f292e000 	C:\Program Files\Java\jdk-24\bin\java.dll
0x00007ffa03bc0000 - 0x00007ffa03d5f000 	C:\WINDOWS\System32\ole32.dll
0x00007ffa04bb0000 - 0x00007ffa052dd000 	C:\WINDOWS\System32\SHELL32.dll
0x00007ffa02c70000 - 0x00007ffa02de4000 	C:\WINDOWS\System32\wintypes.dll
0x00007ffa00740000 - 0x00007ffa00f96000 	C:\WINDOWS\SYSTEM32\windows.storage.dll
0x00007ffa04850000 - 0x00007ffa0493f000 	C:\WINDOWS\System32\SHCORE.dll
0x00007ffa03b40000 - 0x00007ffa03ba9000 	C:\WINDOWS\System32\shlwapi.dll
0x00007ffa02970000 - 0x00007ffa0299f000 	C:\WINDOWS\SYSTEM32\profapi.dll
0x00007ff9d7210000 - 0x00007ff9d72e7000 	C:\Program Files\Java\jdk-24\bin\jsvml.dll
0x00007ff9e73d0000 - 0x00007ff9e73e7000 	C:\Program Files\Java\jdk-24\bin\zip.dll
0x00007ff9f00f0000 - 0x00007ff9f0100000 	C:\Program Files\Java\jdk-24\bin\net.dll
0x00007ffa01dc0000 - 0x00007ffa01e2a000 	C:\WINDOWS\system32\mswsock.dll
0x00007ff9edd40000 - 0x00007ff9edd56000 	C:\Program Files\Java\jdk-24\bin\nio.dll
0x00007ff9e2a50000 - 0x00007ff9e2a59000 	C:\Program Files\Java\jdk-24\bin\extnet.dll
0x00007ffa01320000 - 0x00007ffa01447000 	C:\WINDOWS\SYSTEM32\DNSAPI.dll
0x00007ffa01290000 - 0x00007ffa012c3000 	C:\WINDOWS\SYSTEM32\IPHLPAPI.DLL
0x00007ffa05450000 - 0x00007ffa0545a000 	C:\WINDOWS\System32\NSI.dll
0x00007ff9f7b90000 - 0x00007ff9f7b9b000 	C:\Windows\System32\rasadhlp.dll
0x00007ff9fb2d0000 - 0x00007ff9fb356000 	C:\WINDOWS\System32\fwpuclnt.dll
0x00007ff9e28e0000 - 0x00007ff9e28ea000 	C:\Program Files\Java\jdk-24\bin\management.dll
0x00007ff9e28d0000 - 0x00007ff9e28db000 	C:\Program Files\Java\jdk-24\bin\management_ext.dll
0x00007ffa03bb0000 - 0x00007ffa03bb8000 	C:\WINDOWS\System32\PSAPI.DLL
0x00007ffa02060000 - 0x00007ffa0207c000 	C:\WINDOWS\SYSTEM32\CRYPTSP.dll
0x00007ffa017b0000 - 0x00007ffa017ea000 	C:\WINDOWS\system32\rsaenh.dll
0x00007ffa01e60000 - 0x00007ffa01e8b000 	C:\WINDOWS\SYSTEM32\USERENV.dll
0x00007ffa029b0000 - 0x00007ffa029d6000 	C:\WINDOWS\SYSTEM32\bcrypt.dll
0x00007ffa02080000 - 0x00007ffa0208c000 	C:\WINDOWS\SYSTEM32\CRYPTBASE.dll
0x00007ff980ea0000 - 0x00007ff980eb8000 	C:\WINDOWS\system32\napinsp.dll
0x00007ff980e80000 - 0x00007ff980e92000 	C:\WINDOWS\System32\winrnr.dll
0x00007ff9a1480000 - 0x00007ff9a14b0000 	C:\WINDOWS\system32\nlansp_c.dll
0x00007ff9d9170000 - 0x00007ff9d9190000 	C:\WINDOWS\system32\wshbth.dll
0x00007ff9f8350000 - 0x00007ff9f839e000 	C:\WINDOWS\SYSTEM32\pdh.dll
0x00007ff9ede60000 - 0x00007ff9ede72000 	C:\WINDOWS\System32\perfproc.dll
0x00007ff9ede20000 - 0x00007ff9ede31000 	C:\WINDOWS\System32\perfos.dll
0x00007ff9fdba0000 - 0x00007ff9fdbb2000 	C:\WINDOWS\SYSTEM32\pfclient.dll
0x00007ff99bc50000 - 0x00007ff99be48000 	C:\Users\diogo\AppData\Local\Temp\idea_libasyncProfiler_dll_temp_folder2\libasyncProfiler.dll

JVMTI agents:
C:\Program Files\JetBrains\IntelliJ IDEA 2025.1\lib\idea_rt.jar path:C:\Program Files\Java\jdk-24\bin\instrument.dll, loaded, initialized, instrumentlib options:57431

dbghelp: loaded successfully - version: 4.0.5 - missing functions: none
symbol engine: initialized successfully - sym options: 0x614 - pdb path: .;C:\Program Files\Java\jdk-24\bin;C:\WINDOWS\SYSTEM32;C:\WINDOWS\WinSxS\amd64_microsoft.windows.common-controls_6595b64144ccf1df_6.0.26100.3912_none_3e07963ce335137e;C:\Program Files\Java\jdk-24\bin\server;C:\Users\diogo\AppData\Local\Temp\idea_libasyncProfiler_dll_temp_folder2

VM Arguments:
jvm_args: -javaagent:C:\Program Files\JetBrains\IntelliJ IDEA 2025.1\lib\idea_rt.jar=57431 -Dfile.encoding=UTF-8 -Dsun.stdout.encoding=UTF-8 -Dsun.stderr.encoding=UTF-8 
java_command: main.Main
java_class_path (initial): C:\Users\diogo\Documents\GitHub\PPProject\out\production\PP_TPFINAL;C:\Users\diogo\Documents\GitHub\PPProject\API\json-simple-1.1.1.jar;C:\Users\diogo\Documents\GitHub\PPProject\API\apicontracts-1.0-SNAPSHOT.jar
Launcher Type: SUN_STANDARD

[Global flags]
     intx CICompilerCount                          = 12                                        {product} {ergonomic}
     uint ConcGCThreads                            = 3                                         {product} {ergonomic}
     bool FlightRecorder                           = true                                      {product} {management}
     uint G1ConcRefinementThreads                  = 13                                        {product} {ergonomic}
   size_t G1HeapRegionSize                         = 4194304                                   {product} {ergonomic}
   size_t InitialHeapSize                          = 536870912                                 {product} {ergonomic}
   size_t MarkStackSize                            = 4194304                                   {product} {ergonomic}
   size_t MarkStackSizeMax                         = 536870912                                 {product} {ergonomic}
   size_t MaxHeapSize                              = 8573157376                                {product} {ergonomic}
   size_t MaxNewSize                               = 5142216704                                {product} {ergonomic}
   size_t MinHeapDeltaBytes                        = 4194304                                   {product} {ergonomic}
   size_t MinHeapSize                              = 8388608                                   {product} {ergonomic}
    uintx NonNMethodCodeHeapSize                   = 7602176                                {pd product} {ergonomic}
    uintx NonProfiledCodeHeapSize                  = 122093568                              {pd product} {ergonomic}
    uintx ProfiledCodeHeapSize                     = 121962496                              {pd product} {ergonomic}
    uintx ReservedCodeCacheSize                    = 251658240                              {pd product} {ergonomic}
     bool SegmentedCodeCache                       = true                                      {product} {ergonomic}
   size_t SoftMaxHeapSize                          = 8573157376                             {manageable} {ergonomic}
     bool UseCompressedOops                        = true                           {product lp64_product} {ergonomic}
     bool UseG1GC                                  = true                                      {product} {ergonomic}
     bool UseLargePagesIndividualAllocation        = false                                  {pd product} {ergonomic}

Logging:
Log output configuration:
 #0: stdout all=warning uptime,level,tags foldmultilines=false
 #1: stderr all=off uptime,level,tags foldmultilines=false

Environment Variables:
PATH=C:\Program Files\Common Files\Oracle\Java\javapath;C:\Program Files (x86)\Common Files\Oracle\Java\java8path;C:\Program Files (x86)\Common Files\Oracle\Java\javapath;C:\Program Files (x86)\Razer Chroma SDK\bin;C:\Program Files\Razer Chroma SDK\bin;C:\Program Files (x86)\Razer\ChromaBroadcast\bin;C:\Program Files\Razer\ChromaBroadcast\bin;C:\WINDOWS\system32;C:\WINDOWS;C:\WINDOWS\System32\Wbem;C:\WINDOWS\System32\WindowsPowerShell\v1.0\;C:\WINDOWS\System32\OpenSSH\;C:\Users\diogo\AppData\Local\Microsoft\WindowsApps;C:\Users\diogo\AppData\Local\Programs\Microsoft VS Code\bin;C:\WINDOWS\system32\config\systemprofile\AppData\Local\Microsoft\WindowsApps;C:\WINDOWS\system32;C:\WINDOWS;C:\WINDOWS\System32\Wbem;C:\WINDOWS\System32\WindowsPowerShell\v1.0\;C:\WINDOWS\System32\OpenSSH\;C:\Program Files\Git\cmd;C:\Program Files\nodejs\;C:\Program Files\CMake\bin;C:\Users\diogo\AppData\Local\Programs\Python\Launcher\;C:\cygwin64\bin;C:\Users\diogo\AppData\Local\Programs\Microsoft VS Code\bin;D:\cmder;C:\Users\diogo\AppData\Local\Microsoft\WindowsApps;C:\Program Files\JetBrains\IntelliJ IDEA 2024.3.5\bin;C:\Users\diogo\AppData\Local\GitHubDesktop\bin;C:\Users\diogo\AppData\Roaming\npm;C:\Users\diogo\AppData\Local\JetBrains\Toolbox\scripts;
USERNAME=diogo
OS=Windows_NT
PROCESSOR_IDENTIFIER=AMD64 Family 25 Model 33 Stepping 2, AuthenticAMD
TMP=C:\Users\diogo\AppData\Local\Temp
TEMP=C:\Users\diogo\AppData\Local\Temp




Periodic native trim disabled

---------------  S Y S T E M  ---------------

OS:
 Windows 11 , 64 bit Build 26100 (10.0.26100.3912)
OS uptime: 0 days 3:08 hours

CPU: total 16 (initial active 16) (16 cores per cpu, 2 threads per core) family 25 model 33 stepping 2 microcode 0xa20120a, cx8, cmov, fxsr, ht, mmx, 3dnowpref, sse, sse2, sse3, ssse3, sse4a, sse4.1, sse4.2, popcnt, lzcnt, tsc, tscinvbit, avx, avx2, aes, erms, clmul, bmi1, bmi2, adx, sha, fma, vzeroupper, clflush, clflushopt, rdtscp, rdpid, fsrm, f16c, pku, cet_ss
Processor Information for the first 16 processors :
  Max Mhz: 3401, Current Mhz: 3401, Mhz Limit: 3401

Memory: 4k page, system-wide physical 32690M (18609M free)
TotalPageFile size 34738M (AvailPageFile size 15200M)
current process WorkingSet (physical memory assigned to process): 115M, peak: 119M
current process commit charge ("private bytes"): 686M, peak: 699M

vm_info: Java HotSpot(TM) 64-Bit Server VM (24.0.1+9-30) for windows-amd64 JRE (24.0.1+9-30), built on 2025-03-05T07:23:45Z with MS VC++ 17.6 (VS2022)

END.
